\BOOKMARK [0][-]{chapter.1}{\376\377\000m\000o\000d\000u\000l\000e\000s\000\040\000p\000a\000c\000k\000a\000g\000e}{}% 1
\BOOKMARK [1][-]{section.1.1}{\376\377\000S\000u\000b\000p\000a\000c\000k\000a\000g\000e\000s}{chapter.1}% 2
\BOOKMARK [2][-]{subsection.1.1.1}{\376\377\000m\000o\000d\000u\000l\000e\000s\000.\000d\000a\000t\000a\000\137\000s\000t\000o\000r\000a\000g\000e\000\040\000p\000a\000c\000k\000a\000g\000e}{section.1.1}% 3
\BOOKMARK [3][-]{subsubsection*.3}{\376\377\000S\000u\000b\000m\000o\000d\000u\000l\000e\000s}{subsection.1.1.1}% 4
\BOOKMARK [3][-]{subsubsection*.4}{\376\377\000m\000o\000d\000u\000l\000e\000s\000.\000d\000a\000t\000a\000\137\000s\000t\000o\000r\000a\000g\000e\000.\000c\000r\000e\000a\000t\000e\000\137\000t\000a\000b\000l\000e\000\040\000m\000o\000d\000u\000l\000e}{subsection.1.1.1}% 5
\BOOKMARK [3][-]{subsubsection*.6}{\376\377\000m\000o\000d\000u\000l\000e\000s\000.\000d\000a\000t\000a\000\137\000s\000t\000o\000r\000a\000g\000e\000.\000d\000a\000t\000a\000\137\000e\000x\000p\000o\000r\000t\000\040\000m\000o\000d\000u\000l\000e}{subsection.1.1.1}% 6
\BOOKMARK [3][-]{subsubsection*.9}{\376\377\000m\000o\000d\000u\000l\000e\000s\000.\000d\000a\000t\000a\000\137\000s\000t\000o\000r\000a\000g\000e\000.\000l\000l\000m\000\137\000a\000n\000a\000l\000y\000s\000e\000\040\000m\000o\000d\000u\000l\000e}{subsection.1.1.1}% 7
\BOOKMARK [3][-]{subsubsection*.18}{\376\377\000m\000o\000d\000u\000l\000e\000s\000.\000d\000a\000t\000a\000\137\000s\000t\000o\000r\000a\000g\000e\000.\000l\000l\000m\000\137\000s\000t\000a\000n\000d\000a\000r\000d\000i\000z\000e\000\040\000m\000o\000d\000u\000l\000e}{subsection.1.1.1}% 8
\BOOKMARK [3][-]{subsubsection*.28}{\376\377\000m\000o\000d\000u\000l\000e\000s\000.\000d\000a\000t\000a\000\137\000s\000t\000o\000r\000a\000g\000e\000.\000m\000a\000i\000n\000\040\000m\000o\000d\000u\000l\000e}{subsection.1.1.1}% 9
\BOOKMARK [3][-]{subsubsection*.33}{\376\377\000m\000o\000d\000u\000l\000e\000s\000.\000d\000a\000t\000a\000\137\000s\000t\000o\000r\000a\000g\000e\000.\000p\000a\000r\000a\000g\000r\000a\000p\000h\000\137\000e\000x\000t\000r\000a\000c\000t\000i\000o\000n\000\040\000m\000o\000d\000u\000l\000e}{subsection.1.1.1}% 10
\BOOKMARK [3][-]{subsubsection*.42}{\376\377\000m\000o\000d\000u\000l\000e\000s\000.\000d\000a\000t\000a\000\137\000s\000t\000o\000r\000a\000g\000e\000.\000r\000e\000t\000r\000y\000\137\000f\000a\000i\000l\000e\000d\000\137\000r\000e\000p\000o\000r\000t\000s\000\040\000m\000o\000d\000u\000l\000e}{subsection.1.1.1}% 11
\BOOKMARK [3][-]{subsubsection*.50}{\376\377\000M\000o\000d\000u\000l\000e\000\040\000c\000o\000n\000t\000e\000n\000t\000s}{subsection.1.1.1}% 12
\BOOKMARK [2][-]{subsection.1.1.2}{\376\377\000m\000o\000d\000u\000l\000e\000s\000.\000f\000r\000o\000n\000t\000e\000n\000d\000\040\000p\000a\000c\000k\000a\000g\000e}{section.1.1}% 13
\BOOKMARK [3][-]{subsubsection*.51}{\376\377\000M\000o\000d\000u\000l\000e\000\040\000c\000o\000n\000t\000e\000n\000t\000s}{subsection.1.1.2}% 14
\BOOKMARK [2][-]{subsection.1.1.3}{\376\377\000m\000o\000d\000u\000l\000e\000s\000.\000s\000e\000c\000u\000r\000i\000t\000y\000\040\000p\000a\000c\000k\000a\000g\000e}{section.1.1}% 15
\BOOKMARK [3][-]{subsubsection*.52}{\376\377\000S\000u\000b\000m\000o\000d\000u\000l\000e\000s}{subsection.1.1.3}% 16
\BOOKMARK [3][-]{subsubsection*.53}{\376\377\000m\000o\000d\000u\000l\000e\000s\000.\000s\000e\000c\000u\000r\000i\000t\000y\000.\000s\000c\000a\000n\000\137\000c\000o\000d\000e\000\040\000m\000o\000d\000u\000l\000e}{subsection.1.1.3}% 17
\BOOKMARK [3][-]{subsubsection*.55}{\376\377\000m\000o\000d\000u\000l\000e\000s\000.\000s\000e\000c\000u\000r\000i\000t\000y\000.\000s\000c\000a\000n\000\137\000d\000e\000p\000e\000n\000d\000e\000n\000c\000i\000e\000s\000\040\000m\000o\000d\000u\000l\000e}{subsection.1.1.3}% 18
\BOOKMARK [3][-]{subsubsection*.57}{\376\377\000M\000o\000d\000u\000l\000e\000\040\000c\000o\000n\000t\000e\000n\000t\000s}{subsection.1.1.3}% 19
\BOOKMARK [1][-]{section.1.2}{\376\377\000M\000o\000d\000u\000l\000e\000\040\000c\000o\000n\000t\000e\000n\000t\000s}{chapter.1}% 20
\BOOKMARK [0][-]{chapter.2}{\376\377\000m\000y\000\137\000f\000a\000s\000t\000a\000p\000i\000\040\000p\000a\000c\000k\000a\000g\000e}{}% 21
\BOOKMARK [1][-]{section.2.1}{\376\377\000S\000u\000b\000m\000o\000d\000u\000l\000e\000s}{chapter.2}% 22
\BOOKMARK [1][-]{section.2.2}{\376\377\000m\000y\000\137\000f\000a\000s\000t\000a\000p\000i\000.\000m\000a\000i\000n\000\040\000m\000o\000d\000u\000l\000e}{chapter.2}% 23
\BOOKMARK [1][-]{section.2.3}{\376\377\000M\000o\000d\000u\000l\000e\000\040\000c\000o\000n\000t\000e\000n\000t\000s}{chapter.2}% 24
\BOOKMARK [0][-]{chapter.3}{\376\377\000t\000e\000s\000t\000\040\000p\000a\000c\000k\000a\000g\000e}{}% 25
\BOOKMARK [1][-]{section.3.1}{\376\377\000S\000u\000b\000p\000a\000c\000k\000a\000g\000e\000s}{chapter.3}% 26
\BOOKMARK [2][-]{subsection.3.1.1}{\376\377\000t\000e\000s\000t\000.\000d\000a\000t\000a\000\137\000s\000t\000o\000r\000a\000g\000e\000\040\000p\000a\000c\000k\000a\000g\000e}{section.3.1}% 27
\BOOKMARK [3][-]{subsubsection*.70}{\376\377\000S\000u\000b\000m\000o\000d\000u\000l\000e\000s}{subsection.3.1.1}% 28
\BOOKMARK [3][-]{subsubsection*.71}{\376\377\000t\000e\000s\000t\000.\000d\000a\000t\000a\000\137\000s\000t\000o\000r\000a\000g\000e\000.\000c\000o\000n\000f\000t\000e\000s\000t\000\040\000m\000o\000d\000u\000l\000e}{subsection.3.1.1}% 29
\BOOKMARK [3][-]{subsubsection*.74}{\376\377\000t\000e\000s\000t\000.\000d\000a\000t\000a\000\137\000s\000t\000o\000r\000a\000g\000e\000.\000t\000e\000s\000t\000\137\000c\000r\000e\000a\000t\000e\000\137\000t\000a\000b\000l\000e\000\040\000m\000o\000d\000u\000l\000e}{subsection.3.1.1}% 30
\BOOKMARK [3][-]{subsubsection*.88}{\376\377\000t\000e\000s\000t\000.\000d\000a\000t\000a\000\137\000s\000t\000o\000r\000a\000g\000e\000.\000t\000e\000s\000t\000\137\000d\000a\000t\000a\000\137\000e\000x\000p\000o\000r\000t\000\040\000m\000o\000d\000u\000l\000e}{subsection.3.1.1}% 31
\BOOKMARK [3][-]{subsubsection*.92}{\376\377\000t\000e\000s\000t\000.\000d\000a\000t\000a\000\137\000s\000t\000o\000r\000a\000g\000e\000.\000t\000e\000s\000t\000\137\000d\000a\000t\000a\000\137\000s\000t\000o\000r\000a\000g\000e\000\137\000p\000i\000p\000e\000l\000i\000n\000e\000\040\000m\000o\000d\000u\000l\000e}{subsection.3.1.1}% 32
\BOOKMARK [3][-]{subsubsection*.98}{\376\377\000t\000e\000s\000t\000.\000d\000a\000t\000a\000\137\000s\000t\000o\000r\000a\000g\000e\000.\000t\000e\000s\000t\000\137\000l\000l\000m\000\137\000a\000n\000a\000l\000y\000s\000e\000\040\000m\000o\000d\000u\000l\000e}{subsection.3.1.1}% 33
\BOOKMARK [3][-]{subsubsection*.114}{\376\377\000t\000e\000s\000t\000.\000d\000a\000t\000a\000\137\000s\000t\000o\000r\000a\000g\000e\000.\000t\000e\000s\000t\000\137\000l\000l\000m\000\137\000s\000t\000a\000n\000d\000a\000r\000d\000i\000z\000e\000\040\000m\000o\000d\000u\000l\000e}{subsection.3.1.1}% 34
\BOOKMARK [3][-]{subsubsection*.131}{\376\377\000t\000e\000s\000t\000.\000d\000a\000t\000a\000\137\000s\000t\000o\000r\000a\000g\000e\000.\000t\000e\000s\000t\000\137\000p\000a\000r\000a\000g\000r\000a\000p\000h\000\137\000e\000x\000t\000r\000a\000c\000t\000i\000o\000n\000\040\000m\000o\000d\000u\000l\000e}{subsection.3.1.1}% 35
\BOOKMARK [3][-]{subsubsection*.142}{\376\377\000t\000e\000s\000t\000.\000d\000a\000t\000a\000\137\000s\000t\000o\000r\000a\000g\000e\000.\000t\000e\000s\000t\000\137\000r\000e\000t\000r\000y\000\137\000f\000a\000i\000l\000e\000d\000\137\000r\000e\000p\000o\000r\000t\000s\000\040\000m\000o\000d\000u\000l\000e}{subsection.3.1.1}% 36
\BOOKMARK [3][-]{subsubsection*.151}{\376\377\000M\000o\000d\000u\000l\000e\000\040\000c\000o\000n\000t\000e\000n\000t\000s}{subsection.3.1.1}% 37
\BOOKMARK [2][-]{subsection.3.1.2}{\376\377\000t\000e\000s\000t\000.\000f\000r\000o\000n\000t\000e\000n\000d\000\040\000p\000a\000c\000k\000a\000g\000e}{section.3.1}% 38
\BOOKMARK [3][-]{subsubsection*.152}{\376\377\000S\000u\000b\000m\000o\000d\000u\000l\000e\000s}{subsection.3.1.2}% 39
\BOOKMARK [3][-]{subsubsection*.153}{\376\377\000t\000e\000s\000t\000.\000f\000r\000o\000n\000t\000e\000n\000d\000.\000t\000e\000s\000t\000\137\000a\000p\000p\000\040\000m\000o\000d\000u\000l\000e}{subsection.3.1.2}% 40
\BOOKMARK [3][-]{subsubsection*.156}{\376\377\000t\000e\000s\000t\000.\000f\000r\000o\000n\000t\000e\000n\000d\000.\000t\000e\000s\000t\000\137\000i\000n\000d\000e\000x\000\137\000c\000s\000s\000\040\000m\000o\000d\000u\000l\000e}{subsection.3.1.2}% 41
\BOOKMARK [3][-]{subsubsection*.158}{\376\377\000t\000e\000s\000t\000.\000f\000r\000o\000n\000t\000e\000n\000d\000.\000t\000e\000s\000t\000\137\000i\000n\000d\000e\000x\000\137\000j\000s\000\040\000m\000o\000d\000u\000l\000e}{subsection.3.1.2}% 42
\BOOKMARK [3][-]{subsubsection*.160}{\376\377\000t\000e\000s\000t\000.\000f\000r\000o\000n\000t\000e\000n\000d\000.\000t\000e\000s\000t\000\137\000t\000a\000i\000l\000w\000i\000n\000d\000\137\000c\000o\000n\000f\000i\000g\000\040\000m\000o\000d\000u\000l\000e}{subsection.3.1.2}% 43
\BOOKMARK [3][-]{subsubsection*.162}{\376\377\000M\000o\000d\000u\000l\000e\000\040\000c\000o\000n\000t\000e\000n\000t\000s}{subsection.3.1.2}% 44
\BOOKMARK [2][-]{subsection.3.1.3}{\376\377\000t\000e\000s\000t\000.\000m\000y\000\137\000f\000a\000s\000t\000a\000p\000i\000\040\000p\000a\000c\000k\000a\000g\000e}{section.3.1}% 45
\BOOKMARK [3][-]{subsubsection*.163}{\376\377\000S\000u\000b\000m\000o\000d\000u\000l\000e\000s}{subsection.3.1.3}% 46
\BOOKMARK [3][-]{subsubsection*.164}{\376\377\000t\000e\000s\000t\000.\000m\000y\000\137\000f\000a\000s\000t\000a\000p\000i\000.\000t\000e\000s\000t\000\137\000m\000a\000i\000n\000\040\000m\000o\000d\000u\000l\000e}{subsection.3.1.3}% 47
\BOOKMARK [3][-]{subsubsection*.182}{\376\377\000M\000o\000d\000u\000l\000e\000\040\000c\000o\000n\000t\000e\000n\000t\000s}{subsection.3.1.3}% 48
\BOOKMARK [1][-]{section.3.2}{\376\377\000M\000o\000d\000u\000l\000e\000\040\000c\000o\000n\000t\000e\000n\000t\000s}{chapter.3}% 49
\BOOKMARK [0][-]{section*.183}{\376\377\000P\000y\000t\000h\000o\000n\000\040\000M\000o\000d\000u\000l\000e\000\040\000I\000n\000d\000e\000x}{}% 50
\BOOKMARK [0][-]{section*.184}{\376\377\000I\000n\000d\000e\000x}{}% 51
