\BOOKMARK [0][-]{chapter.1}{\376\377\000I\000n\000s\000t\000a\000l\000l\000a\000t\000i\000o\000n\000\040\000G\000u\000i\000d\000e}{}% 1
\BOOKMARK [0][-]{chapter.2}{\376\377\000U\000s\000a\000g\000e\000\040\000I\000n\000s\000t\000r\000u\000c\000t\000i\000o\000n\000s}{}% 2
\BOOKMARK [1][-]{section.2.1}{\376\377\000T\000r\000o\000u\000b\000l\000e\000s\000h\000o\000o\000t\000i\000n\000g\000\040\000T\000i\000p\000s}{chapter.2}% 3
\BOOKMARK [0][-]{chapter.3}{\376\377\000A\000r\000c\000h\000i\000t\000e\000c\000t\000u\000r\000e\000\040\000O\000v\000e\000r\000v\000i\000e\000w}{}% 4
\BOOKMARK [1][-]{section.3.1}{\376\377\000D\000a\000t\000a\000\040\000F\000l\000o\000w}{chapter.3}% 5
\BOOKMARK [1][-]{section.3.2}{\376\377\000C\000o\000m\000p\000o\000n\000e\000n\000t\000s}{chapter.3}% 6
\BOOKMARK [0][-]{chapter.4}{\376\377\000A\000P\000I\000\040\000R\000e\000f\000e\000r\000e\000n\000c\000e}{}% 7
\BOOKMARK [1][-]{section.4.1}{\376\377\000m\000o\000d\000u\000l\000e\000s}{chapter.4}% 8
\BOOKMARK [2][-]{subsection.4.1.1}{\376\377\000S\000u\000b\000m\000o\000d\000u\000l\000e\000s}{section.4.1}% 9
\BOOKMARK [3][-]{subsubsection*.4}{\376\377\000m\000o\000d\000u\000l\000e\000s\000.\000d\000b}{subsection.4.1.1}% 10
\BOOKMARK [4][-]{paragraph*.5}{\376\377\000S\000u\000b\000m\000o\000d\000u\000l\000e\000s}{subsubsection*.4}% 11
\BOOKMARK [5][-]{subparagraph*.6}{\376\377\000m\000o\000d\000u\000l\000e\000s\000.\000d\000b\000.\000d\000a\000t\000a\000\137\000s\000t\000o\000r\000a\000g\000e}{paragraph*.5}% 12
\BOOKMARK [5][-]{subparagraph*.7}{\376\377\000F\000u\000n\000c\000t\000i\000o\000n\000s}{paragraph*.5}% 13
\BOOKMARK [5][-]{subparagraph*.8}{\376\377\000M\000o\000d\000u\000l\000e\000\040\000C\000o\000n\000t\000e\000n\000t\000s}{paragraph*.5}% 14
\BOOKMARK [5][-]{subparagraph*.10}{\376\377\000m\000o\000d\000u\000l\000e\000s\000.\000d\000b\000.\000d\000b\000\137\000c\000o\000n\000n\000e\000c\000t\000i\000o\000n}{paragraph*.5}% 15
\BOOKMARK [3][-]{subsubsection*.11}{\376\377\000m\000o\000d\000u\000l\000e\000s\000.\000i\000n\000p\000u\000t}{subsection.4.1.1}% 16
\BOOKMARK [4][-]{paragraph*.12}{\376\377\000S\000u\000b\000m\000o\000d\000u\000l\000e\000s}{subsubsection*.11}% 17
\BOOKMARK [5][-]{subparagraph*.13}{\376\377\000m\000o\000d\000u\000l\000e\000s\000.\000i\000n\000p\000u\000t\000.\000e\000m\000i\000s\000s\000i\000o\000n\000s\000\137\000p\000a\000r\000s\000e\000r}{paragraph*.12}% 18
\BOOKMARK [5][-]{subparagraph*.14}{\376\377\000A\000t\000t\000r\000i\000b\000u\000t\000e\000s}{paragraph*.12}% 19
\BOOKMARK [5][-]{subparagraph*.15}{\376\377\000F\000u\000n\000c\000t\000i\000o\000n\000s}{paragraph*.12}% 20
\BOOKMARK [5][-]{subparagraph*.16}{\376\377\000M\000o\000d\000u\000l\000e\000\040\000C\000o\000n\000t\000e\000n\000t\000s}{paragraph*.12}% 21
\BOOKMARK [5][-]{subparagraph*.26}{\376\377\000m\000o\000d\000u\000l\000e\000s\000.\000i\000n\000p\000u\000t\000.\000i\000n\000d\000i\000c\000a\000t\000o\000r\000\137\000c\000o\000n\000f\000i\000g}{paragraph*.12}% 22
\BOOKMARK [5][-]{subparagraph*.27}{\376\377\000F\000u\000n\000c\000t\000i\000o\000n\000s}{paragraph*.12}% 23
\BOOKMARK [5][-]{subparagraph*.28}{\376\377\000M\000o\000d\000u\000l\000e\000\040\000C\000o\000n\000t\000e\000n\000t\000s}{paragraph*.12}% 24
\BOOKMARK [5][-]{subparagraph*.30}{\376\377\000m\000o\000d\000u\000l\000e\000s\000.\000i\000n\000p\000u\000t\000.\000i\000n\000p\000u\000t\000\137\000r\000e\000a\000d\000e\000r}{paragraph*.12}% 25
\BOOKMARK [5][-]{subparagraph*.31}{\376\377\000m\000o\000d\000u\000l\000e\000s\000.\000i\000n\000p\000u\000t\000.\000m\000i\000n\000i\000o\000\137\000s\000t\000r\000e\000a\000m\000i\000n\000g\000\137\000e\000x\000t\000r\000a\000c\000t\000o\000r}{paragraph*.12}% 26
\BOOKMARK [5][-]{subparagraph*.32}{\376\377\000A\000t\000t\000r\000i\000b\000u\000t\000e\000s}{paragraph*.12}% 27
\BOOKMARK [5][-]{subparagraph*.33}{\376\377\000F\000u\000n\000c\000t\000i\000o\000n\000s}{paragraph*.12}% 28
\BOOKMARK [5][-]{subparagraph*.34}{\376\377\000M\000o\000d\000u\000l\000e\000\040\000C\000o\000n\000t\000e\000n\000t\000s}{paragraph*.12}% 29
\BOOKMARK [5][-]{subparagraph*.38}{\376\377\000m\000o\000d\000u\000l\000e\000s\000.\000i\000n\000p\000u\000t\000.\000p\000o\000s\000t\000p\000r\000o\000c\000e\000s\000s}{paragraph*.12}% 30
\BOOKMARK [5][-]{subparagraph*.39}{\376\377\000A\000t\000t\000r\000i\000b\000u\000t\000e\000s}{paragraph*.12}% 31
\BOOKMARK [5][-]{subparagraph*.40}{\376\377\000F\000u\000n\000c\000t\000i\000o\000n\000s}{paragraph*.12}% 32
\BOOKMARK [5][-]{subparagraph*.41}{\376\377\000M\000o\000d\000u\000l\000e\000\040\000C\000o\000n\000t\000e\000n\000t\000s}{paragraph*.12}% 33
\BOOKMARK [3][-]{subsubsection*.51}{\376\377\000m\000o\000d\000u\000l\000e\000s\000.\000o\000u\000t\000p\000u\000t}{subsection.4.1.1}% 34
\BOOKMARK [4][-]{paragraph*.52}{\376\377\000S\000u\000b\000m\000o\000d\000u\000l\000e\000s}{subsubsection*.51}% 35
\BOOKMARK [5][-]{subparagraph*.53}{\376\377\000m\000o\000d\000u\000l\000e\000s\000.\000o\000u\000t\000p\000u\000t\000.\000d\000a\000t\000a\000\137\000c\000l\000e\000a\000n}{paragraph*.52}% 36
\BOOKMARK [5][-]{subparagraph*.54}{\376\377\000A\000t\000t\000r\000i\000b\000u\000t\000e\000s}{paragraph*.52}% 37
\BOOKMARK [5][-]{subparagraph*.55}{\376\377\000F\000u\000n\000c\000t\000i\000o\000n\000s}{paragraph*.52}% 38
\BOOKMARK [5][-]{subparagraph*.56}{\376\377\000M\000o\000d\000u\000l\000e\000\040\000C\000o\000n\000t\000e\000n\000t\000s}{paragraph*.52}% 39
\BOOKMARK [5][-]{subparagraph*.76}{\376\377\000m\000o\000d\000u\000l\000e\000s\000.\000o\000u\000t\000p\000u\000t\000.\000d\000a\000t\000a\000\137\000e\000x\000p\000o\000r\000t}{paragraph*.52}% 40
\BOOKMARK [5][-]{subparagraph*.77}{\376\377\000A\000t\000t\000r\000i\000b\000u\000t\000e\000s}{paragraph*.52}% 41
\BOOKMARK [5][-]{subparagraph*.78}{\376\377\000M\000o\000d\000u\000l\000e\000\040\000C\000o\000n\000t\000e\000n\000t\000s}{paragraph*.52}% 42
\BOOKMARK [5][-]{subparagraph*.89}{\376\377\000m\000o\000d\000u\000l\000e\000s\000.\000o\000u\000t\000p\000u\000t\000.\000d\000a\000t\000a\000\137\000s\000t\000o\000r\000a\000g\000e}{paragraph*.52}% 43
\BOOKMARK [5][-]{subparagraph*.90}{\376\377\000A\000t\000t\000r\000i\000b\000u\000t\000e\000s}{paragraph*.52}% 44
\BOOKMARK [5][-]{subparagraph*.91}{\376\377\000M\000o\000d\000u\000l\000e\000\040\000C\000o\000n\000t\000e\000n\000t\000s}{paragraph*.52}% 45
\BOOKMARK [5][-]{subparagraph*.101}{\376\377\000m\000o\000d\000u\000l\000e\000s\000.\000o\000u\000t\000p\000u\000t\000.\000s\000c\000r\000i\000p\000t\000\137\000p\000u\000r\000p\000o\000s\000e\000s}{paragraph*.52}% 46
\BOOKMARK [1][-]{section.4.2}{\376\377\000g\000e\000n\000e\000r\000a\000t\000e\000\137\000d\000a\000t\000a\000\137\000c\000a\000t\000a\000l\000o\000g\000u\000e}{chapter.4}% 47
\BOOKMARK [2][-]{subsection.4.2.1}{\376\377\000A\000t\000t\000r\000i\000b\000u\000t\000e\000s}{section.4.2}% 48
\BOOKMARK [2][-]{subsection.4.2.2}{\376\377\000F\000u\000n\000c\000t\000i\000o\000n\000s}{section.4.2}% 49
\BOOKMARK [2][-]{subsection.4.2.3}{\376\377\000M\000o\000d\000u\000l\000e\000\040\000C\000o\000n\000t\000e\000n\000t\000s}{section.4.2}% 50
\BOOKMARK [0][-]{chapter.5}{\376\377\000I\000n\000d\000i\000c\000e\000s\000\040\000a\000n\000d\000\040\000t\000a\000b\000l\000e\000s}{}% 51
\BOOKMARK [0][-]{section*.105}{\376\377\000P\000y\000t\000h\000o\000n\000\040\000M\000o\000d\000u\000l\000e\000\040\000I\000n\000d\000e\000x}{}% 52
\BOOKMARK [0][-]{section*.106}{\376\377\000I\000n\000d\000e\000x}{}% 53
